<?xml version="1.0" encoding="UTF-8"?>
<robot generator="Robot 7.0 (Python 3.12.4 on win32)" generated="2024-07-13T01:21:21.129885" rpa="false" schemaversion="5">
<suite id="s1" name="Post Books" source="c:\Iterasys\TestTitans\tests\api\post_books.robot">
<test id="s1-t1" name="Test addListOfBooks" line="12">
<kw name="addListOfBooks" owner="post_books">
<kw name="Create Dictionary" owner="BuiltIn">
<msg time="2024-07-13T01:21:21.275010" level="INFO">${body} = {'userId': '', 'isbn': ''}</msg>
<var>${body}</var>
<arg>userId=${userId}</arg>
<arg>isbn=${ISBN}</arg>
<doc>Creates and returns a dictionary based on the given ``items``.</doc>
<status status="PASS" start="2024-07-13T01:21:21.275010" elapsed="0.002991"/>
</kw>
<kw name="POST" owner="RequestsLibrary">
<msg time="2024-07-13T01:21:22.573722" level="INFO">POST Request : url=https://bookstore.toolsqa.com/swagger/#/BookStore/BookStoreV1BooksPost 
 path_url=/swagger/ 
 headers={'User-Agent': 'python-requests/2.31.0', 'Accept-Encoding': 'gzip, deflate', 'Accept': '*/*', 'Connection': 'keep-alive', 'Content-Length': '26', 'Content-Type': 'application/json'} 
 body=b'{"userId": "", "isbn": ""}' 
 </msg>
<msg time="2024-07-13T01:21:22.574725" level="INFO">POST Response : url=https://bookstore.toolsqa.com/swagger/#/BookStore/BookStoreV1BooksPost 
 status=200, reason=OK 
 headers={'Server': 'nginx/1.17.10 (Ubuntu)', 'Date': 'Sat, 13 Jul 2024 04:21:22 GMT', 'Content-Type': 'text/html; charset=utf-8', 'Transfer-Encoding': 'chunked', 'Connection': 'keep-alive', 'X-Powered-By': 'Express', 'ETag': 'W/"c1f-F2xZTJLKhCo1XhlvmwRwwX3nXPs"', 'Content-Encoding': 'gzip'} 
 body=
&lt;!-- HTML for static distribution bundle build --&gt;
&lt;!DOCTYPE html&gt;
&lt;html lang="en"&gt;
&lt;head&gt;
  &lt;meta charset="UTF-8"&gt;
  &lt;title&gt;Swagger UI&lt;/title&gt;
  &lt;link rel="stylesheet" type="text/css" href="./swagger-ui.css" &gt;
  &lt;link rel="icon" type="image/png" href="./favicon-32x32.png" sizes="32x32" /&gt;&lt;link rel="icon" type="image/png" href="./favicon-16x16.png" sizes="16x16" /&gt;
  &lt;style&gt;
    html
    {
      box-sizing: border-box;
      overflow: -moz-scrollbars-vertical;
      overflow-y: scroll;
    }
    *,
    *:before,
    *:after
    {
      box-sizing: inherit;
    }

    body {
      margin:0;
      background: #fafafa;
    }
  &lt;/style&gt;
&lt;/head&gt;

&lt;body&gt;

&lt;svg xmlns="http://www.w3.org/2000/svg" xmlns:xlink="http://www.w3.org/1999/xlink" style="position:absolute;width:0;height:0"&gt;
  &lt;defs&gt;
    &lt;symbol viewBox="0 0 20 20" id="unlocked"&gt;
      &lt;path d="M15.8 8H14V5.6C14 2.703 12.665 1 10 1 7.334 1 6 2.703 6 5.6V6h2v-.801C8 3.754 8.797 3 10 3c1.203 0 2 .754 2 2.199V8H4c-.553 0-1 .646-1 1.199V17c0 .549.428 1.139.951 1.307l1.197.387C5.672 18.861 6.55 19 7.1 19h5.8c.549 0 1.428-.139 1.951-.307l1.196-.387c.524-.167.953-.757.953-1.306V9.199C17 8.646 16.352 8 15.8 8z"&gt;&lt;/path&gt;
    &lt;/symbol&gt;

    &lt;symbol viewBox="0 0 20 20" id="locked"&gt;
      &lt;path d="M15.8 8H14V5.6C14 2.703 12.665 1 10 1 7.334 1 6 2.703 6 5.6V8H4c-.553 0-1 .646-1 1.199V17c0 .549.428 1.139.951 1.307l1.197.387C5.672 18.861 6.55 19 7.1 19h5.8c.549 0 1.428-.139 1.951-.307l1.196-.387c.524-.167.953-.757.953-1.306V9.199C17 8.646 16.352 8 15.8 8zM12 8H8V5.199C8 3.754 8.797 3 10 3c1.203 0 2 .754 2 2.199V8z"/&gt;
    &lt;/symbol&gt;

    &lt;symbol viewBox="0 0 20 20" id="close"&gt;
      &lt;path d="M14.348 14.849c-.469.469-1.229.469-1.697 0L10 11.819l-2.651 3.029c-.469.469-1.229.469-1.697 0-.469-.469-.469-1.229 0-1.697l2.758-3.15-2.759-3.152c-.469-.469-.469-1.228 0-1.697.469-.469 1.228-.469 1.697 0L10 8.183l2.651-3.031c.469-.469 1.228-.469 1.697 0 .469.469.469 1.229 0 1.697l-2.758 3.152 2.758 3.15c.469.469.469 1.229 0 1.698z"/&gt;
    &lt;/symbol&gt;

    &lt;symbol viewBox="0 0 20 20" id="large-arrow"&gt;
      &lt;path d="M13.25 10L6.109 2.58c-.268-.27-.268-.707 0-.979.268-.27.701-.27.969 0l7.83 7.908c.268.271.268.709 0 .979l-7.83 7.908c-.268.271-.701.27-.969 0-.268-.269-.268-.707 0-.979L13.25 10z"/&gt;
    &lt;/symbol&gt;

    &lt;symbol viewBox="0 0 20 20" id="large-arrow-down"&gt;
      &lt;path d="M17.418 6.109c.272-.268.709-.268.979 0s.271.701 0 .969l-7.908 7.83c-.27.268-.707.268-.979 0l-7.908-7.83c-.27-.268-.27-.701 0-.969.271-.268.709-.268.979 0L10 13.25l7.418-7.141z"/&gt;
    &lt;/symbol&gt;


    &lt;symbol viewBox="0 0 24 24" id="jump-to"&gt;
      &lt;path d="M19 7v4H5.83l3.58-3.59L8 6l-6 6 6 6 1.41-1.41L5.83 13H21V7z"/&gt;
    &lt;/symbol&gt;

    &lt;symbol viewBox="0 0 24 24" id="expand"&gt;
      &lt;path d="M10 18h4v-2h-4v2zM3 6v2h18V6H3zm3 7h12v-2H6v2z"/&gt;
    &lt;/symbol&gt;

  &lt;/defs&gt;
&lt;/svg&gt;

&lt;div id="swagger-ui"&gt;&lt;/div&gt;

&lt;script src="./swagger-ui-bundle.js"&gt; &lt;/script&gt;
&lt;script src="./swagger-ui-standalone-preset.js"&gt; &lt;/script&gt;
&lt;script src="./swagger-ui-init.js"&gt; &lt;/script&gt;



&lt;style&gt;
  .swagger-ui .topbar .download-url-wrapper { display: none } undefined
&lt;/style&gt;
&lt;/body&gt;

&lt;/html&gt;
 
 </msg>
<msg time="2024-07-13T01:21:22.575721" level="INFO">${response} = &lt;Response [200]&gt;</msg>
<var>${response}</var>
<arg>url=https://bookstore.toolsqa.com/swagger/#/BookStore/BookStoreV1BooksPost</arg>
<arg>json=${body}</arg>
<doc>Sends a POST request.</doc>
<status status="PASS" start="2024-07-13T01:21:21.278001" elapsed="1.297720"/>
</kw>
<kw name="Log" owner="BuiltIn">
<msg time="2024-07-13T01:21:22.576717" level="INFO">Response status: 200</msg>
<arg>Response status: ${response.status_code}</arg>
<doc>Logs the given message with the given level.</doc>
<status status="PASS" start="2024-07-13T01:21:22.575721" elapsed="0.001993"/>
</kw>
<kw name="Log" owner="BuiltIn">
<msg time="2024-07-13T01:21:22.577714" level="INFO">Response content: 
&lt;!-- HTML for static distribution bundle build --&gt;
&lt;!DOCTYPE html&gt;
&lt;html lang="en"&gt;
&lt;head&gt;
  &lt;meta charset="UTF-8"&gt;
  &lt;title&gt;Swagger UI&lt;/title&gt;
  &lt;link rel="stylesheet" type="text/css" href="./swagger-ui.css" &gt;
  &lt;link rel="icon" type="image/png" href="./favicon-32x32.png" sizes="32x32" /&gt;&lt;link rel="icon" type="image/png" href="./favicon-16x16.png" sizes="16x16" /&gt;
  &lt;style&gt;
    html
    {
      box-sizing: border-box;
      overflow: -moz-scrollbars-vertical;
      overflow-y: scroll;
    }
    *,
    *:before,
    *:after
    {
      box-sizing: inherit;
    }

    body {
      margin:0;
      background: #fafafa;
    }
  &lt;/style&gt;
&lt;/head&gt;

&lt;body&gt;

&lt;svg xmlns="http://www.w3.org/2000/svg" xmlns:xlink="http://www.w3.org/1999/xlink" style="position:absolute;width:0;height:0"&gt;
  &lt;defs&gt;
    &lt;symbol viewBox="0 0 20 20" id="unlocked"&gt;
      &lt;path d="M15.8 8H14V5.6C14 2.703 12.665 1 10 1 7.334 1 6 2.703 6 5.6V6h2v-.801C8 3.754 8.797 3 10 3c1.203 0 2 .754 2 2.199V8H4c-.553 0-1 .646-1 1.199V17c0 .549.428 1.139.951 1.307l1.197.387C5.672 18.861 6.55 19 7.1 19h5.8c.549 0 1.428-.139 1.951-.307l1.196-.387c.524-.167.953-.757.953-1.306V9.199C17 8.646 16.352 8 15.8 8z"&gt;&lt;/path&gt;
    &lt;/symbol&gt;

    &lt;symbol viewBox="0 0 20 20" id="locked"&gt;
      &lt;path d="M15.8 8H14V5.6C14 2.703 12.665 1 10 1 7.334 1 6 2.703 6 5.6V8H4c-.553 0-1 .646-1 1.199V17c0 .549.428 1.139.951 1.307l1.197.387C5.672 18.861 6.55 19 7.1 19h5.8c.549 0 1.428-.139 1.951-.307l1.196-.387c.524-.167.953-.757.953-1.306V9.199C17 8.646 16.352 8 15.8 8zM12 8H8V5.199C8 3.754 8.797 3 10 3c1.203 0 2 .754 2 2.199V8z"/&gt;
    &lt;/symbol&gt;

    &lt;symbol viewBox="0 0 20 20" id="close"&gt;
      &lt;path d="M14.348 14.849c-.469.469-1.229.469-1.697 0L10 11.819l-2.651 3.029c-.469.469-1.229.469-1.697 0-.469-.469-.469-1.229 0-1.697l2.758-3.15-2.759-3.152c-.469-.469-.469-1.228 0-1.697.469-.469 1.228-.469 1.697 0L10 8.183l2.651-3.031c.469-.469 1.228-.469 1.697 0 .469.469.469 1.229 0 1.697l-2.758 3.152 2.758 3.15c.469.469.469 1.229 0 1.698z"/&gt;
    &lt;/symbol&gt;

    &lt;symbol viewBox="0 0 20 20" id="large-arrow"&gt;
      &lt;path d="M13.25 10L6.109 2.58c-.268-.27-.268-.707 0-.979.268-.27.701-.27.969 0l7.83 7.908c.268.271.268.709 0 .979l-7.83 7.908c-.268.271-.701.27-.969 0-.268-.269-.268-.707 0-.979L13.25 10z"/&gt;
    &lt;/symbol&gt;

    &lt;symbol viewBox="0 0 20 20" id="large-arrow-down"&gt;
      &lt;path d="M17.418 6.109c.272-.268.709-.268.979 0s.271.701 0 .969l-7.908 7.83c-.27.268-.707.268-.979 0l-7.908-7.83c-.27-.268-.27-.701 0-.969.271-.268.709-.268.979 0L10 13.25l7.418-7.141z"/&gt;
    &lt;/symbol&gt;


    &lt;symbol viewBox="0 0 24 24" id="jump-to"&gt;
      &lt;path d="M19 7v4H5.83l3.58-3.59L8 6l-6 6 6 6 1.41-1.41L5.83 13H21V7z"/&gt;
    &lt;/symbol&gt;

    &lt;symbol viewBox="0 0 24 24" id="expand"&gt;
      &lt;path d="M10 18h4v-2h-4v2zM3 6v2h18V6H3zm3 7h12v-2H6v2z"/&gt;
    &lt;/symbol&gt;

  &lt;/defs&gt;
&lt;/svg&gt;

&lt;div id="swagger-ui"&gt;&lt;/div&gt;

&lt;script src="./swagger-ui-bundle.js"&gt; &lt;/script&gt;
&lt;script src="./swagger-ui-standalone-preset.js"&gt; &lt;/script&gt;
&lt;script src="./swagger-ui-init.js"&gt; &lt;/script&gt;



&lt;style&gt;
  .swagger-ui .topbar .download-url-wrapper { display: none } undefined
&lt;/style&gt;
&lt;/body&gt;

&lt;/html&gt;
</msg>
<arg>Response content: ${response.content}</arg>
<doc>Logs the given message with the given level.</doc>
<status status="PASS" start="2024-07-13T01:21:22.577714" elapsed="0.000996"/>
</kw>
<kw name="Should Be Equal As Strings" owner="BuiltIn">
<msg time="2024-07-13T01:21:22.578710" level="INFO">Argument types are:
&lt;class 'int'&gt;
&lt;class 'str'&gt;</msg>
<arg>${response.status_code}</arg>
<arg>200</arg>
<doc>Fails if objects are unequal after converting them to strings.</doc>
<status status="PASS" start="2024-07-13T01:21:22.578710" elapsed="0.000000"/>
</kw>
<return>
<value>${response.json()}</value>
<status status="PASS" start="2024-07-13T01:21:22.578710" elapsed="0.000000"/>
</return>
<msg time="2024-07-13T01:21:22.579707" level="FAIL">Replacing variables from keyword return value failed: Resolving variable '${response.json()}' failed: JSONDecodeError: Expecting value: line 2 column 1 (char 1)</msg>
<var>${response}</var>
<arg>${userId}</arg>
<arg>${ISBN}</arg>
<status status="FAIL" start="2024-07-13T01:21:21.274013" elapsed="1.307682">Replacing variables from keyword return value failed: Resolving variable '${response.json()}' failed: JSONDecodeError: Expecting value: line 2 column 1 (char 1)</status>
</kw>
<kw name="Log" owner="BuiltIn">
<arg>Response status: ${response.status_code}</arg>
<doc>Logs the given message with the given level.</doc>
<status status="NOT RUN" start="2024-07-13T01:21:22.582693" elapsed="0.000000"/>
</kw>
<kw name="Log" owner="BuiltIn">
<arg>Response content: ${response}</arg>
<doc>Logs the given message with the given level.</doc>
<status status="NOT RUN" start="2024-07-13T01:21:22.583689" elapsed="0.000000"/>
</kw>
<doc>Test to post a list of books</doc>
<status status="FAIL" start="2024-07-13T01:21:21.272702" elapsed="1.311983">Replacing variables from keyword return value failed: Resolving variable '${response.json()}' failed: JSONDecodeError: Expecting value: line 2 column 1 (char 1)</status>
</test>
<status status="FAIL" start="2024-07-13T01:21:21.138814" elapsed="1.448861"/>
</suite>
<statistics>
<total>
<stat pass="0" fail="1" skip="0">All Tests</stat>
</total>
<tag>
</tag>
<suite>
<stat pass="0" fail="1" skip="0" id="s1" name="Post Books">Post Books</stat>
</suite>
</statistics>
<errors>
</errors>
</robot>
