<?xml version="1.0" encoding="UTF-8"?>
<robot generator="Robot 7.0.1 (Python 3.12.2 on win32)" generated="2024-06-30T23:02:45.328599" rpa="false" schemaversion="5">
<suite id="s1" name="Po" source="c:\Iterasys\TITANS\TestTitans-1\tests\web\admin\po">
<kw name="Obter Data e hora" owner="base_page_admin" type="SETUP">
<kw name="Get Current Date" owner="DateTime">
<msg time="2024-06-30T23:02:45.783515" level="INFO">${date} = 2024-06-30 23:02:45.784</msg>
<var>${date}</var>
<doc>Returns current local or UTC time with an optional increment.</doc>
<status status="PASS" start="2024-06-30T23:02:45.783515" elapsed="0.006013"/>
</kw>
<kw name="Convert Date" owner="DateTime">
<msg time="2024-06-30T23:02:45.802410" level="INFO">${date} = 2024.06.30_23.02.45</msg>
<var>${date}</var>
<arg>${date}</arg>
<arg>result_format=%Y.%m.%d_%H.%M.%S</arg>
<doc>Converts between supported `date formats`.</doc>
<status status="PASS" start="2024-06-30T23:02:45.789528" elapsed="0.012882"/>
</kw>
<kw name="Set Global Variable" owner="BuiltIn">
<msg time="2024-06-30T23:02:45.803842" level="INFO">${date} = 2024.06.30_23.02.45</msg>
<msg time="2024-06-30T23:02:45.803842" level="INFO">${date} = None</msg>
<var>${date}</var>
<arg>${date}</arg>
<doc>Makes a variable available globally in all tests and suites.</doc>
<status status="PASS" start="2024-06-30T23:02:45.803407" elapsed="0.000435"/>
</kw>
<status status="PASS" start="2024-06-30T23:02:45.783515" elapsed="0.021374"/>
</kw>
<suite id="s1-s1" name="Validacao3 Po" source="c:\Iterasys\TITANS\TestTitans-1\tests\web\admin\po\validacao3_po.robot">
<test id="s1-s1-t1" name="Validacao de produtos" line="12">
<kw name="Abrir navegador" owner="base_page_admin" type="SETUP">
<kw name="Register Keyword To Run On Failure" owner="SeleniumLibrary">
<msg time="2024-06-30T23:02:45.861212" level="INFO">Tirar Screenshot will be run on failure.</msg>
<arg>Tirar Screenshot</arg>
<doc>Sets the keyword to execute, when a SeleniumLibrary keyword fails.</doc>
<status status="PASS" start="2024-06-30T23:02:45.845326" elapsed="0.015886"/>
</kw>
<kw name="Open Browser" owner="SeleniumLibrary">
<msg time="2024-06-30T23:02:45.870187" level="INFO">Opening browser 'Chrome' to base url 'https://testando.eveclass.com/pt/auth/entrar'.</msg>
<arg>url=${url}</arg>
<arg>browser=${browser}</arg>
<doc>Opens a new browser instance to the optional ``url``.</doc>
<status status="PASS" start="2024-06-30T23:02:45.868193" elapsed="10.005040"/>
</kw>
<kw name="Maximize Browser Window" owner="SeleniumLibrary">
<doc>Maximizes current browser window.</doc>
<status status="PASS" start="2024-06-30T23:02:55.874229" elapsed="0.042166"/>
</kw>
<kw name="Set Browser Implicit Wait" owner="SeleniumLibrary">
<arg>10000ms</arg>
<doc>Sets the implicit wait value used by Selenium.</doc>
<status status="PASS" start="2024-06-30T23:02:55.916395" elapsed="0.000000"/>
</kw>
<status status="PASS" start="2024-06-30T23:02:45.845326" elapsed="10.071069"/>
</kw>
<kw name="Abrir navegador" owner="base_page_admin">
<kw name="Register Keyword To Run On Failure" owner="SeleniumLibrary">
<msg time="2024-06-30T23:02:55.938419" level="INFO">Tirar Screenshot will be run on failure.</msg>
<arg>Tirar Screenshot</arg>
<doc>Sets the keyword to execute, when a SeleniumLibrary keyword fails.</doc>
<status status="PASS" start="2024-06-30T23:02:55.938419" elapsed="0.000995"/>
</kw>
<kw name="Open Browser" owner="SeleniumLibrary">
<msg time="2024-06-30T23:02:55.940413" level="INFO">Opening browser 'Chrome' to base url 'https://testando.eveclass.com/pt/auth/entrar'.</msg>
<arg>url=${url}</arg>
<arg>browser=${browser}</arg>
<doc>Opens a new browser instance to the optional ``url``.</doc>
<status status="PASS" start="2024-06-30T23:02:55.939414" elapsed="6.006513"/>
</kw>
<kw name="Maximize Browser Window" owner="SeleniumLibrary">
<doc>Maximizes current browser window.</doc>
<status status="PASS" start="2024-06-30T23:03:01.945927" elapsed="0.060792"/>
</kw>
<kw name="Set Browser Implicit Wait" owner="SeleniumLibrary">
<arg>10000ms</arg>
<doc>Sets the implicit wait value used by Selenium.</doc>
<status status="PASS" start="2024-06-30T23:03:02.006719" elapsed="0.004984"/>
</kw>
<status status="PASS" start="2024-06-30T23:02:55.936424" elapsed="6.075279"/>
</kw>
<kw name="Enter Email" owner="login_admin_page">
<kw name="Input Text" owner="SeleniumLibrary">
<msg time="2024-06-30T23:03:02.020680" level="INFO">Typing text 'rodolfo_itg@yahoo.com.br' into text field 'css=.input-wrapper &gt; .input-wrapper-inpt &gt; input[type='email']'.</msg>
<arg>${EMAIL_INPUT}</arg>
<arg>${email}</arg>
<doc>Types the given ``text`` into the text field identified by ``locator``.</doc>
<status status="PASS" start="2024-06-30T23:03:02.018689" elapsed="0.521300"/>
</kw>
<arg>rodolfo_itg@yahoo.com.br</arg>
<status status="PASS" start="2024-06-30T23:03:02.016691" elapsed="0.523298"/>
</kw>
<kw name="Enter Password" owner="login_admin_page">
<kw name="Input Text" owner="SeleniumLibrary">
<msg time="2024-06-30T23:03:02.539989" level="INFO">Typing text 'TESTE' into text field 'css=.input-wrapper &gt; .input-wrapper-inpt &gt; input[type='password']'.</msg>
<arg>${PASSWORD_INPUT}</arg>
<arg>${password}</arg>
<doc>Types the given ``text`` into the text field identified by ``locator``.</doc>
<status status="PASS" start="2024-06-30T23:03:02.539989" elapsed="0.235695"/>
</kw>
<arg>TESTE</arg>
<status status="PASS" start="2024-06-30T23:03:02.539989" elapsed="0.235695"/>
</kw>
<kw name="Click Login Button" owner="login_admin_page">
<kw name="Click Element" owner="SeleniumLibrary">
<msg time="2024-06-30T23:03:02.775684" level="INFO">Clicking element 'css=.button-text &gt; span'.</msg>
<arg>${LOGIN_BUTTON}</arg>
<doc>Click the element identified by ``locator``.</doc>
<status status="PASS" start="2024-06-30T23:03:02.775684" elapsed="0.126152"/>
</kw>
<kw name="Sleep" owner="BuiltIn">
<msg time="2024-06-30T23:03:52.902109" level="INFO">Slept 50 seconds.</msg>
<arg>50s</arg>
<doc>Pauses the test executed for the given time.</doc>
<status status="PASS" start="2024-06-30T23:03:02.901836" elapsed="50.000273"/>
</kw>
<status status="PASS" start="2024-06-30T23:03:02.775684" elapsed="50.126425"/>
</kw>
<kw name="Verify Login Successful" owner="login_admin_page">
<kw name="Element Should Be Visible" owner="SeleniumLibrary">
<msg time="2024-06-30T23:03:52.942866" level="INFO">Element 'css=.overview-group-title.overview-group-title_primary' is displayed.</msg>
<arg>${SUCCESS_ELEMENT}</arg>
<doc>Verifies that the element identified by ``locator`` is visible.</doc>
<status status="PASS" start="2024-06-30T23:03:52.902109" elapsed="0.040757"/>
</kw>
<status status="PASS" start="2024-06-30T23:03:52.902109" elapsed="0.040757"/>
</kw>
<kw name="Acesso a página Vendas" owner="validacao3_descricao">
<kw name="Click Element" owner="SeleniumLibrary">
<msg time="2024-06-30T23:03:52.942866" level="INFO">Clicking element 'css=#SALES &gt; .item-pill'.</msg>
<arg>${SALES_BUTTON}</arg>
<doc>Click the element identified by ``locator``.</doc>
<status status="PASS" start="2024-06-30T23:03:52.942866" elapsed="0.141501"/>
</kw>
<kw name="Sleep" owner="BuiltIn">
<msg time="2024-06-30T23:03:55.084756" level="INFO">Slept 2 seconds.</msg>
<arg>2s</arg>
<doc>Pauses the test executed for the given time.</doc>
<status status="PASS" start="2024-06-30T23:03:53.084367" elapsed="2.000389"/>
</kw>
<status status="PASS" start="2024-06-30T23:03:52.942866" elapsed="2.141890"/>
</kw>
<kw name="Click Botão produtos" owner="validacao3_descricao">
<kw name="Click Element" owner="SeleniumLibrary">
<msg time="2024-06-30T23:03:55.084756" level="INFO">Clicking element 'css=.nav-group:nth-child(5) &gt; .nav-item:nth-child(2) &gt; span'.</msg>
<arg>${PRODUCTS_TAB}</arg>
<doc>Click the element identified by ``locator``.</doc>
<status status="PASS" start="2024-06-30T23:03:55.084756" elapsed="0.152830"/>
</kw>
<kw name="Sleep" owner="BuiltIn">
<msg time="2024-06-30T23:03:57.239005" level="INFO">Slept 2 seconds.</msg>
<arg>2s</arg>
<doc>Pauses the test executed for the given time.</doc>
<status status="PASS" start="2024-06-30T23:03:55.238584" elapsed="2.000421"/>
</kw>
<status status="PASS" start="2024-06-30T23:03:55.084756" elapsed="2.154249"/>
</kw>
<kw name="Click em TesteLink" owner="validacao3_descricao">
<kw name="Click Element" owner="SeleniumLibrary">
<msg time="2024-06-30T23:03:57.241997" level="INFO">Clicking element 'css=.list-item:nth-child(5) .list-item-content-title'.</msg>
<kw name="Tirar Screenshot" owner="base_page_admin">
<msg time="2024-06-30T23:04:07.288350" level="FAIL">Keyword 'base_page_admin.Tirar Screenshot' expected 1 argument, got 0.</msg>
<status status="FAIL" start="2024-06-30T23:04:07.287353" elapsed="0.003990">Keyword 'base_page_admin.Tirar Screenshot' expected 1 argument, got 0.</status>
</kw>
<msg time="2024-06-30T23:04:07.292341" level="WARN">Keyword 'Tirar Screenshot' could not be run on failure: Keyword 'base_page_admin.Tirar Screenshot' expected 1 argument, got 0.</msg>
<msg time="2024-06-30T23:04:07.294337" level="FAIL">Element with locator 'css=.list-item:nth-child(5) .list-item-content-title' not found.</msg>
<arg>${PRODUCT_TesteLink}</arg>
<doc>Click the element identified by ``locator``.</doc>
<status status="FAIL" start="2024-06-30T23:03:57.240999" elapsed="10.063309">Element with locator 'css=.list-item:nth-child(5) .list-item-content-title' not found.</status>
</kw>
<kw name="Sleep" owner="BuiltIn">
<arg>2s</arg>
<doc>Pauses the test executed for the given time.</doc>
<status status="NOT RUN" start="2024-06-30T23:04:07.304308" elapsed="0.000000"/>
</kw>
<status status="FAIL" start="2024-06-30T23:03:57.240999" elapsed="10.064307">Element with locator 'css=.list-item:nth-child(5) .list-item-content-title' not found.</status>
</kw>
<kw name="Verify Page Contains TesteLink" owner="validacao3_descricao">
<status status="NOT RUN" start="2024-06-30T23:04:07.306305" elapsed="0.000000"/>
</kw>
<kw name="Verify Page Contains R$ 9,00" owner="validacao3_descricao">
<status status="NOT RUN" start="2024-06-30T23:04:07.307301" elapsed="0.000000"/>
</kw>
<kw name="Fechar navegador" owner="base_page_admin">
<status status="NOT RUN" start="2024-06-30T23:04:07.308299" elapsed="0.000000"/>
</kw>
<kw name="Fechar navegador" owner="base_page_admin" type="TEARDOWN">
<kw name="Sleep" owner="BuiltIn">
<msg time="2024-06-30T23:04:07.810982" level="INFO">Slept 500 milliseconds.</msg>
<arg>500ms</arg>
<doc>Pauses the test executed for the given time.</doc>
<status status="PASS" start="2024-06-30T23:04:07.310869" elapsed="0.500113"/>
</kw>
<kw name="Close Browser" owner="SeleniumLibrary">
<doc>Closes the current browser.</doc>
<status status="PASS" start="2024-06-30T23:04:07.810982" elapsed="2.360886"/>
</kw>
<status status="PASS" start="2024-06-30T23:04:07.310157" elapsed="2.861711"/>
</kw>
<status status="FAIL" start="2024-06-30T23:02:45.845326" elapsed="84.326542">Element with locator 'css=.list-item:nth-child(5) .list-item-content-title' not found.</status>
</test>
<status status="FAIL" start="2024-06-30T23:02:45.804889" elapsed="84.366979"/>
</suite>
<status status="FAIL" start="2024-06-30T23:02:45.349531" elapsed="84.822337"/>
</suite>
<statistics>
<total>
<stat pass="0" fail="1" skip="0">All Tests</stat>
</total>
<tag>
</tag>
<suite>
<stat pass="0" fail="1" skip="0" id="s1" name="Po">Po</stat>
<stat pass="0" fail="1" skip="0" id="s1-s1" name="Validacao3 Po">Po.Validacao3 Po</stat>
</suite>
</statistics>
<errors>
<msg time="2024-06-30T23:04:07.292341" level="WARN">Keyword 'Tirar Screenshot' could not be run on failure: Keyword 'base_page_admin.Tirar Screenshot' expected 1 argument, got 0.</msg>
</errors>
</robot>
