<?xml version="1.0" encoding="UTF-8"?>
<robot generator="Robot 7.0.1 (Python 3.12.4 on win32)" generated="2024-06-30T20:16:43.475785" rpa="false" schemaversion="5">
<suite id="s1" name="Po" source="c:\Iterasys\TestTitans2\tests\web\aluno\po">
<kw name="Obter Data e hora" owner="base_page_aluno" type="SETUP">
<kw name="Get Current Date" owner="DateTime">
<msg time="2024-06-30T20:16:43.770400" level="INFO">${date} = 2024-06-30 20:16:43.770</msg>
<var>${date}</var>
<doc>Returns current local or UTC time with an optional increment.</doc>
<status status="PASS" start="2024-06-30T20:16:43.769397" elapsed="0.004992"/>
</kw>
<kw name="Convert Date" owner="DateTime">
<msg time="2024-06-30T20:16:43.781870" level="INFO">${date} = 2024.06.30_20.16.43</msg>
<var>${date}</var>
<arg>${date}</arg>
<arg>result_format=%Y.%m.%d_%H.%M.%S</arg>
<doc>Converts between supported `date formats`.</doc>
<status status="PASS" start="2024-06-30T20:16:43.775383" elapsed="0.006487"/>
</kw>
<kw name="Set Global Variable" owner="BuiltIn">
<msg time="2024-06-30T20:16:43.782888" level="INFO">${date} = 2024.06.30_20.16.43</msg>
<msg time="2024-06-30T20:16:43.782888" level="INFO">${date} = None</msg>
<var>${date}</var>
<arg>${date}</arg>
<doc>Makes a variable available globally in all tests and suites.</doc>
<status status="PASS" start="2024-06-30T20:16:43.781870" elapsed="0.001018"/>
</kw>
<status status="PASS" start="2024-06-30T20:16:43.767395" elapsed="0.015493"/>
</kw>
<suite id="s1-s1" name="Faleconosco Po" source="c:\Iterasys\TestTitans2\tests\web\aluno\po\faleconosco_po.robot">
<test id="s1-s1-t1" name="Fale com nosso por contato" line="8">
<kw name="Abrir navegador" owner="base_page_aluno" type="SETUP">
<kw name="Register Keyword To Run On Failure" owner="SeleniumLibrary">
<msg time="2024-06-30T20:16:43.827474" level="INFO">Tirar Screenshot will be run on failure.</msg>
<arg>Tirar Screenshot</arg>
<doc>Sets the keyword to execute, when a SeleniumLibrary keyword fails.</doc>
<status status="PASS" start="2024-06-30T20:16:43.825951" elapsed="0.001523"/>
</kw>
<kw name="Open Browser" owner="SeleniumLibrary">
<msg time="2024-06-30T20:16:43.828494" level="INFO">Opening browser 'Chrome' to base url 'https://testando.eveclass.com/pt/auth/entrar'.</msg>
<arg>url=${url}</arg>
<arg>browser=${browser}</arg>
<doc>Opens a new browser instance to the optional ``url``.</doc>
<status status="PASS" start="2024-06-30T20:16:43.827474" elapsed="3.691978"/>
</kw>
<kw name="Maximize Browser Window" owner="SeleniumLibrary">
<doc>Maximizes current browser window.</doc>
<status status="PASS" start="2024-06-30T20:16:47.520464" elapsed="0.042272"/>
</kw>
<kw name="Set Browser Implicit Wait" owner="SeleniumLibrary">
<arg>10000ms</arg>
<doc>Sets the implicit wait value used by Selenium.</doc>
<status status="PASS" start="2024-06-30T20:16:47.563732" elapsed="0.003985"/>
</kw>
<status status="PASS" start="2024-06-30T20:16:43.825951" elapsed="3.742273"/>
</kw>
<kw name="Abrir navegador" owner="base_page_aluno">
<kw name="Register Keyword To Run On Failure" owner="SeleniumLibrary">
<msg time="2024-06-30T20:16:47.573222" level="INFO">Tirar Screenshot will be run on failure.</msg>
<arg>Tirar Screenshot</arg>
<doc>Sets the keyword to execute, when a SeleniumLibrary keyword fails.</doc>
<status status="PASS" start="2024-06-30T20:16:47.572225" elapsed="0.000997"/>
</kw>
<kw name="Open Browser" owner="SeleniumLibrary">
<msg time="2024-06-30T20:16:47.575227" level="INFO">Opening browser 'Chrome' to base url 'https://testando.eveclass.com/pt/auth/entrar'.</msg>
<arg>url=${url}</arg>
<arg>browser=${browser}</arg>
<doc>Opens a new browser instance to the optional ``url``.</doc>
<status status="PASS" start="2024-06-30T20:16:47.574217" elapsed="3.516552"/>
</kw>
<kw name="Maximize Browser Window" owner="SeleniumLibrary">
<doc>Maximizes current browser window.</doc>
<status status="PASS" start="2024-06-30T20:16:51.090769" elapsed="0.047041"/>
</kw>
<kw name="Set Browser Implicit Wait" owner="SeleniumLibrary">
<arg>10000ms</arg>
<doc>Sets the implicit wait value used by Selenium.</doc>
<status status="PASS" start="2024-06-30T20:16:51.138813" elapsed="0.002406"/>
</kw>
<status status="PASS" start="2024-06-30T20:16:47.572225" elapsed="3.568994"/>
</kw>
<kw name="Enter Email" owner="login_aluno_page">
<kw name="Input Text" owner="SeleniumLibrary">
<msg time="2024-06-30T20:16:51.147849" level="INFO">Typing text 'arthur.guedes@hotmail.com' into text field 'css=.input-wrapper &gt; .input-wrapper-inpt &gt; input[type='email']'.</msg>
<arg>${EMAIL_INPUT}</arg>
<arg>${email}</arg>
<doc>Types the given ``text`` into the text field identified by ``locator``.</doc>
<status status="PASS" start="2024-06-30T20:16:51.144357" elapsed="0.277413"/>
</kw>
<arg>arthur.guedes@hotmail.com</arg>
<status status="PASS" start="2024-06-30T20:16:51.142227" elapsed="0.279543"/>
</kw>
<kw name="Enter Password" owner="login_aluno_page">
<kw name="Input Text" owner="SeleniumLibrary">
<msg time="2024-06-30T20:16:51.424766" level="INFO">Typing text 'ArthurGuedes1708#' into text field 'css=.input-wrapper &gt; .input-wrapper-inpt &gt; input[type='password']'.</msg>
<arg>${PASSWORD_INPUT}</arg>
<arg>${password}</arg>
<doc>Types the given ``text`` into the text field identified by ``locator``.</doc>
<status status="PASS" start="2024-06-30T20:16:51.423771" elapsed="0.129204"/>
</kw>
<arg>ArthurGuedes1708#</arg>
<status status="PASS" start="2024-06-30T20:16:51.422774" elapsed="0.130201"/>
</kw>
<kw name="Click Login Button" owner="login_aluno_page">
<kw name="Click Element" owner="SeleniumLibrary">
<msg time="2024-06-30T20:16:51.553971" level="INFO">Clicking element 'css=.button-text &gt; span'.</msg>
<arg>${LOGIN_BUTTON}</arg>
<doc>Click the element identified by ``locator``.</doc>
<status status="PASS" start="2024-06-30T20:16:51.553971" elapsed="0.052660"/>
</kw>
<status status="PASS" start="2024-06-30T20:16:51.553971" elapsed="0.053656"/>
</kw>
<kw name="Acesso a página Contato" owner="faleconosco_page">
<kw name="Sleep" owner="BuiltIn">
<msg time="2024-06-30T20:16:53.609390" level="INFO">Slept 2 seconds.</msg>
<arg>2000ms</arg>
<doc>Pauses the test executed for the given time.</doc>
<status status="PASS" start="2024-06-30T20:16:51.608780" elapsed="2.000610"/>
</kw>
<kw name="Mouse Over" owner="SeleniumLibrary">
<msg time="2024-06-30T20:16:53.610389" level="INFO">Simulating Mouse Over on element 'css=.dropdown.user-dropdown'.</msg>
<arg>css=.dropdown.user-dropdown</arg>
<doc>Simulates hovering the mouse over the element ``locator``.</doc>
<status status="PASS" start="2024-06-30T20:16:53.610389" elapsed="1.366872"/>
</kw>
<kw name="Click Element" owner="SeleniumLibrary">
<msg time="2024-06-30T20:16:54.978282" level="INFO">Clicking element 'xpath=//p[text()="Website"]'.</msg>
<arg>xpath=//p[text()="Website"]</arg>
<doc>Click the element identified by ``locator``.</doc>
<status status="PASS" start="2024-06-30T20:16:54.978282" elapsed="0.149811"/>
</kw>
<kw name="Click Element" owner="SeleniumLibrary">
<msg time="2024-06-30T20:16:55.130462" level="INFO">Clicking element 'id=16237703495650'.</msg>
<arg>id=16237703495650</arg>
<doc>Click the element identified by ``locator``.</doc>
<status status="PASS" start="2024-06-30T20:16:55.129153" elapsed="0.633573"/>
</kw>
<doc>Step: acesso a página Cursos</doc>
<status status="PASS" start="2024-06-30T20:16:51.607627" elapsed="4.156099"/>
</kw>
<kw name="Preencher informacoes de fale conosco : escreva nome completo, email , mensagem" owner="faleconosco_page">
<kw name="Input Text" owner="SeleniumLibrary">
<msg time="2024-06-30T20:16:55.765721" level="INFO">Typing text 'Arthur Guedes de Araujo' into text field 'xpath=//input[@data-vv-as='Nome']'.</msg>
<arg>xpath=//input[@data-vv-as='Nome']</arg>
<arg>Arthur Guedes de Araujo</arg>
<doc>Types the given ``text`` into the text field identified by ``locator``.</doc>
<status status="PASS" start="2024-06-30T20:16:55.764722" elapsed="1.060629"/>
</kw>
<kw name="Input Text" owner="SeleniumLibrary">
<msg time="2024-06-30T20:16:56.826765" level="INFO">Typing text 'arthur.guedes@hotmail.com' into text field 'xpath=//input[@data-vv-as='Email']'.</msg>
<arg>xpath=//input[@data-vv-as='Email']</arg>
<arg>arthur.guedes@hotmail.com</arg>
<doc>Types the given ``text`` into the text field identified by ``locator``.</doc>
<status status="PASS" start="2024-06-30T20:16:56.825351" elapsed="0.445535"/>
</kw>
<kw name="Input Text" owner="SeleniumLibrary">
<msg time="2024-06-30T20:16:57.272895" level="INFO">Typing text 'Contato de teste com mensagem para ser enviada' into text field 'xpath=//textarea[@data-vv-as='Mensagem']'.</msg>
<arg>xpath=//textarea[@data-vv-as='Mensagem']</arg>
<arg>Contato de teste com mensagem para ser enviada</arg>
<doc>Types the given ``text`` into the text field identified by ``locator``.</doc>
<status status="PASS" start="2024-06-30T20:16:57.271892" elapsed="0.255851"/>
</kw>
<status status="PASS" start="2024-06-30T20:16:55.763726" elapsed="1.765056"/>
</kw>
<kw name="Clique no botão &quot;Enviar&quot;" owner="faleconosco_page">
<kw name="Click Element" owner="SeleniumLibrary">
<msg time="2024-06-30T20:16:57.529970" level="INFO">Clicking element 'xpath=//span[text()="Enviar"]'.</msg>
<arg>xpath=//span[text()="Enviar"]</arg>
<doc>Click the element identified by ``locator``.</doc>
<status status="PASS" start="2024-06-30T20:16:57.529970" elapsed="0.072341"/>
</kw>
<kw name="Page Should Contain" owner="SeleniumLibrary">
<msg time="2024-06-30T20:16:58.814583" level="INFO">Current page contains text 'Enviado'.</msg>
<arg>Enviado</arg>
<doc>Verifies that current page contains ``text``.</doc>
<status status="PASS" start="2024-06-30T20:16:57.603453" elapsed="1.211130"/>
</kw>
<status status="PASS" start="2024-06-30T20:16:57.528782" elapsed="1.285801"/>
</kw>
<kw name="Tirar Screenshot" owner="base_page_aluno">
<kw name="Capture Page Screenshot" owner="SeleniumLibrary">
<msg time="2024-06-30T20:16:58.986064" level="INFO" html="true">&lt;/td&gt;&lt;/tr&gt;&lt;tr&gt;&lt;td colspan="3"&gt;&lt;a href="screenshots/eveclassTestandoAluno/2024.06.30_20.16.43/Fale%20com%20nosso%20por%20contato/MENSAGEM%20ENVIADA%20COM%20SUCESSO.jpg"&gt;&lt;img src="screenshots/eveclassTestandoAluno/2024.06.30_20.16.43/Fale%20com%20nosso%20por%20contato/MENSAGEM%20ENVIADA%20COM%20SUCESSO.jpg" width="800px"&gt;&lt;/a&gt;</msg>
<msg time="2024-06-30T20:16:58.987644" level="INFO">c:\Iterasys\TestTitans2\.venv\Lib\site-packages\selenium\webdriver\remote\webdriver.py:829: UserWarning: name used for saved screenshot does not match file type. It should end with a `.png` extension
  return self.get_screenshot_as_file(filename)</msg>
<arg>screenshots/eveclassTestandoAluno/${date}/${TEST_NAME}/${screenshot_name}.jpg</arg>
<doc>Takes a screenshot of the current page and embeds it into a log file.</doc>
<status status="PASS" start="2024-06-30T20:16:58.815581" elapsed="0.174612"/>
</kw>
<arg>MENSAGEM ENVIADA COM SUCESSO</arg>
<status status="PASS" start="2024-06-30T20:16:58.815581" elapsed="0.175621"/>
</kw>
<kw name="Close All Browsers" owner="SeleniumLibrary">
<doc>Closes all open browsers and resets the browser cache.</doc>
<status status="PASS" start="2024-06-30T20:16:58.993593" elapsed="13.567498"/>
</kw>
<kw name="Fechar navegador" owner="base_page_aluno" type="TEARDOWN">
<kw name="Sleep" owner="BuiltIn">
<msg time="2024-06-30T20:17:13.064236" level="INFO">Slept 500 milliseconds.</msg>
<arg>500ms</arg>
<doc>Pauses the test executed for the given time.</doc>
<status status="PASS" start="2024-06-30T20:17:12.563092" elapsed="0.501144"/>
</kw>
<kw name="Close Browser" owner="SeleniumLibrary">
<doc>Closes the current browser.</doc>
<status status="PASS" start="2024-06-30T20:17:13.064236" elapsed="0.001041"/>
</kw>
<status status="PASS" start="2024-06-30T20:17:12.563092" elapsed="0.502185"/>
</kw>
<status status="PASS" start="2024-06-30T20:16:43.824943" elapsed="29.241332"/>
</test>
<status status="PASS" start="2024-06-30T20:16:43.782888" elapsed="29.285936"/>
</suite>
<status status="PASS" start="2024-06-30T20:16:43.482291" elapsed="29.589531"/>
</suite>
<statistics>
<total>
<stat pass="1" fail="0" skip="0">All Tests</stat>
</total>
<tag>
</tag>
<suite>
<stat pass="1" fail="0" skip="0" id="s1" name="Po">Po</stat>
<stat pass="1" fail="0" skip="0" id="s1-s1" name="Faleconosco Po">Po.Faleconosco Po</stat>
</suite>
</statistics>
<errors>
</errors>
</robot>
