<?xml version="1.0" encoding="UTF-8"?>
<robot generator="Robot 7.0.1 (Python 3.12.2 on win32)" generated="2024-07-15T22:04:56.981956" rpa="false" schemaversion="5">
<suite id="s1" name="Put" source="c:\Iterasys\TITANS\TestTitans-1\tests\api\put.robot">
<test id="s1-t1" name="Testar Detalhes do Livro" line="8">
<kw name="Verify Book Details" owner="put">
<kw name="Create Dictionary" owner="BuiltIn">
<msg time="2024-07-15T22:04:57.680437" level="INFO">${book_details} = {'isbn': '978144932586', 'title': 'Eli', 'author': 'Rodolfo', 'pages': '0', 'publisher': 'Moura', 'id': '12345', 'username': 'Rodolfo'}</msg>
<var>${book_details}</var>
<arg>isbn=${expected_isbn}</arg>
<arg>title=${expected_title}</arg>
<arg>author=${expected_author}</arg>
<arg>pages=${expected_pages}</arg>
<arg>publisher=${expected_publisher}</arg>
<arg>id=${expected_id}</arg>
<arg>username=${expect_username}</arg>
<doc>Creates and returns a dictionary based on the given ``items``.</doc>
<status status="PASS" start="2024-07-15T22:04:57.664851" elapsed="0.015586"/>
</kw>
<kw name="Log" owner="BuiltIn">
<msg time="2024-07-15T22:04:57.680437" level="INFO">Book details verified successfully.</msg>
<arg>Book details verified successfully.</arg>
<doc>Logs the given message with the given level.</doc>
<status status="PASS" start="2024-07-15T22:04:57.680437" elapsed="0.000000"/>
</kw>
<arg>${expected_isbn}</arg>
<arg>${expected_title}</arg>
<arg>${expected_author}</arg>
<arg>${expected_pages}</arg>
<arg>${expected_publisher}</arg>
<arg>${expected_id}</arg>
<arg>${expect_username}</arg>
<status status="PASS" start="2024-07-15T22:04:57.664851" elapsed="0.015586"/>
</kw>
<kw name="Verificar Descrição ISBN" owner="put">
<kw name="Log" owner="BuiltIn">
<msg time="2024-07-15T22:04:57.680437" level="INFO">Verifying ISBN description...</msg>
<arg>Verifying ISBN description...</arg>
<doc>Logs the given message with the given level.</doc>
<status status="PASS" start="2024-07-15T22:04:57.680437" elapsed="0.000000"/>
</kw>
<doc>Verifica a descrição do ISBN</doc>
<status status="PASS" start="2024-07-15T22:04:57.680437" elapsed="0.000000"/>
</kw>
<kw name="Verificar Mensagem de Erro 400" owner="put">
<kw name="Log" owner="BuiltIn">
<msg time="2024-07-15T22:04:57.680437" level="INFO">Verifying error message for status 400: Erro</msg>
<arg>Verifying error message for status 400: Erro</arg>
<doc>Logs the given message with the given level.</doc>
<status status="PASS" start="2024-07-15T22:04:57.680437" elapsed="0.000000"/>
</kw>
<doc>Verifies the error message for status 400</doc>
<status status="PASS" start="2024-07-15T22:04:57.680437" elapsed="0.000000"/>
</kw>
<kw name="Verificar Mensagem de Erro 401" owner="put">
<kw name="Log" owner="BuiltIn">
<msg time="2024-07-15T22:04:57.680437" level="INFO">Verifying error message for status 401: Não autorizado</msg>
<arg>Verifying error message for status 401: Não autorizado</arg>
<doc>Logs the given message with the given level.</doc>
<status status="PASS" start="2024-07-15T22:04:57.680437" elapsed="0.000000"/>
</kw>
<doc>Verifies the error message for status 401</doc>
<status status="PASS" start="2024-07-15T22:04:57.680437" elapsed="0.000000"/>
</kw>
<doc>Verifica se os detalhes do livro são corretos</doc>
<status status="PASS" start="2024-07-15T22:04:57.664851" elapsed="0.015586"/>
</test>
<status status="PASS" start="2024-07-15T22:04:56.992280" elapsed="0.688157"/>
</suite>
<statistics>
<total>
<stat pass="1" fail="0" skip="0">All Tests</stat>
</total>
<tag>
</tag>
<suite>
<stat pass="1" fail="0" skip="0" id="s1" name="Put">Put</stat>
</suite>
</statistics>
<errors>
</errors>
</robot>
