<?xml version="1.0" encoding="UTF-8"?>
<robot generator="Robot 7.0.1 (Python 3.12.2 on win32)" generated="2024-06-29T00:22:22.751466" rpa="false" schemaversion="5">
<suite id="s1" name="Po" source="c:\Iterasys\TITANS\TestTitans\tests\web\aluno\po">
<kw name="Obter Data e hora" owner="base_page_aluno" type="SETUP">
<kw name="Get Current Date" owner="DateTime">
<msg time="2024-06-29T00:22:23.083069" level="INFO">${date} = 2024-06-29 00:22:23.083</msg>
<var>${date}</var>
<doc>Returns current local or UTC time with an optional increment.</doc>
<status status="PASS" start="2024-06-29T00:22:23.083069" elapsed="0.002957"/>
</kw>
<kw name="Convert Date" owner="DateTime">
<msg time="2024-06-29T00:22:23.093008" level="INFO">${date} = 2024.06.29_00.22.23</msg>
<var>${date}</var>
<arg>${date}</arg>
<arg>result_format=%Y.%m.%d_%H.%M.%S</arg>
<doc>Converts between supported `date formats`.</doc>
<status status="PASS" start="2024-06-29T00:22:23.087024" elapsed="0.005984"/>
</kw>
<kw name="Set Global Variable" owner="BuiltIn">
<msg time="2024-06-29T00:22:23.093008" level="INFO">${date} = 2024.06.29_00.22.23</msg>
<msg time="2024-06-29T00:22:23.094005" level="INFO">${date} = None</msg>
<var>${date}</var>
<arg>${date}</arg>
<doc>Makes a variable available globally in all tests and suites.</doc>
<status status="PASS" start="2024-06-29T00:22:23.093008" elapsed="0.000997"/>
</kw>
<status status="PASS" start="2024-06-29T00:22:23.081039" elapsed="0.012966"/>
</kw>
<suite id="s1-s1" name="Logar Aluno Po" source="c:\Iterasys\TITANS\TestTitans\tests\web\aluno\po\logar_aluno_po.robot">
<test id="s1-s1-t1" name="Test Successful Login" line="5">
<kw name="Abrir navegador" owner="base_page_aluno" type="SETUP">
<kw name="Register Keyword To Run On Failure" owner="SeleniumLibrary">
<msg time="2024-06-29T00:22:23.107992" level="INFO">Tirar Screenshot will be run on failure.</msg>
<arg>Tirar Screenshot</arg>
<doc>Sets the keyword to execute, when a SeleniumLibrary keyword fails.</doc>
<status status="PASS" start="2024-06-29T00:22:23.106970" elapsed="0.001022"/>
</kw>
<kw name="Open Browser" owner="SeleniumLibrary">
<msg time="2024-06-29T00:22:23.108966" level="INFO">Opening browser 'Chrome' to base url 'https://testando.eveclass.com/pt/auth/entrar'.</msg>
<arg>url=${url}</arg>
<arg>browser=${browser}</arg>
<doc>Opens a new browser instance to the optional ``url``.</doc>
<status status="PASS" start="2024-06-29T00:22:23.107992" elapsed="4.543103"/>
</kw>
<kw name="Maximize Browser Window" owner="SeleniumLibrary">
<doc>Maximizes current browser window.</doc>
<status status="PASS" start="2024-06-29T00:22:27.651095" elapsed="1.255688"/>
</kw>
<kw name="Set Browser Implicit Wait" owner="SeleniumLibrary">
<arg>10000ms</arg>
<doc>Sets the implicit wait value used by Selenium.</doc>
<status status="PASS" start="2024-06-29T00:22:28.907782" elapsed="0.001991"/>
</kw>
<status status="PASS" start="2024-06-29T00:22:23.106970" elapsed="5.803801"/>
</kw>
<kw name="Tirar Screenshot" owner="base_page_aluno">
<kw name="Capture Page Screenshot" owner="SeleniumLibrary">
<msg time="2024-06-29T00:22:29.034698" level="INFO" html="true">&lt;/td&gt;&lt;/tr&gt;&lt;tr&gt;&lt;td colspan="3"&gt;&lt;a href="screenshots/eveclassTestandoAluno/2024.06.29_00.22.23/Test%20Successful%20Login/1_Login.jpg"&gt;&lt;img src="screenshots/eveclassTestandoAluno/2024.06.29_00.22.23/Test%20Successful%20Login/1_Login.jpg" width="800px"&gt;&lt;/a&gt;</msg>
<msg time="2024-06-29T00:22:29.034698" level="INFO">c:\Iterasys\TITANS\TestTitans\.venv\Lib\site-packages\selenium\webdriver\remote\webdriver.py:829: UserWarning: name used for saved screenshot does not match file type. It should end with a `.png` extension
  return self.get_screenshot_as_file(filename)</msg>
<arg>screenshots/eveclassTestandoAluno/${date}/${TEST_NAME}/${screenshot_name}.jpg</arg>
<doc>Takes a screenshot of the current page and embeds it into a log file.</doc>
<status status="PASS" start="2024-06-29T00:22:28.911769" elapsed="0.123927"/>
</kw>
<arg>1_Login</arg>
<status status="PASS" start="2024-06-29T00:22:28.911769" elapsed="0.124925"/>
</kw>
<kw name="Enter Email" owner="login_aluno_page">
<kw name="Input Text" owner="SeleniumLibrary">
<msg time="2024-06-29T00:22:29.039686" level="INFO">Typing text 'cograzattomma-9221@yopmail.com' into text field 'css=.input-wrapper &gt; .input-wrapper-inpt &gt; input[type='email']'.</msg>
<arg>${EMAIL_INPUT}</arg>
<arg>${email}</arg>
<doc>Types the given ``text`` into the text field identified by ``locator``.</doc>
<status status="PASS" start="2024-06-29T00:22:29.038703" elapsed="0.245330"/>
</kw>
<arg>cograzattomma-9221@yopmail.com</arg>
<status status="PASS" start="2024-06-29T00:22:29.037695" elapsed="0.246338"/>
</kw>
<kw name="Enter Password" owner="login_aluno_page">
<kw name="Input Text" owner="SeleniumLibrary">
<msg time="2024-06-29T00:22:29.284033" level="INFO">Typing text 'Admin@2023' into text field 'css=.input-wrapper &gt; .input-wrapper-inpt &gt; input[type='password']'.</msg>
<arg>${PASSWORD_INPUT}</arg>
<arg>${password}</arg>
<doc>Types the given ``text`` into the text field identified by ``locator``.</doc>
<status status="PASS" start="2024-06-29T00:22:29.284033" elapsed="0.110329"/>
</kw>
<arg>Admin@2023</arg>
<status status="PASS" start="2024-06-29T00:22:29.284033" elapsed="0.110329"/>
</kw>
<kw name="Tirar Screenshot" owner="base_page_aluno">
<kw name="Capture Page Screenshot" owner="SeleniumLibrary">
<msg time="2024-06-29T00:22:29.482541" level="INFO" html="true">&lt;/td&gt;&lt;/tr&gt;&lt;tr&gt;&lt;td colspan="3"&gt;&lt;a href="screenshots/eveclassTestandoAluno/2024.06.29_00.22.23/Test%20Successful%20Login/2_Login%20preenchido.jpg"&gt;&lt;img src="screenshots/eveclassTestandoAluno/2024.06.29_00.22.23/Test%20Successful%20Login/2_Login%20preenchido.jpg" width="800px"&gt;&lt;/a&gt;</msg>
<arg>screenshots/eveclassTestandoAluno/${date}/${TEST_NAME}/${screenshot_name}.jpg</arg>
<doc>Takes a screenshot of the current page and embeds it into a log file.</doc>
<status status="PASS" start="2024-06-29T00:22:29.397841" elapsed="0.084700"/>
</kw>
<arg>2_Login preenchido</arg>
<status status="PASS" start="2024-06-29T00:22:29.396844" elapsed="0.085697"/>
</kw>
<kw name="Click Login Button" owner="login_aluno_page">
<kw name="Click Element" owner="SeleniumLibrary">
<msg time="2024-06-29T00:22:29.482541" level="INFO">Clicking element 'css=.button-text &gt; span'.</msg>
<arg>${LOGIN_BUTTON}</arg>
<doc>Click the element identified by ``locator``.</doc>
<status status="PASS" start="2024-06-29T00:22:29.482541" elapsed="0.084339"/>
</kw>
<status status="PASS" start="2024-06-29T00:22:29.482541" elapsed="0.085337"/>
</kw>
<kw name="Tirar Screenshot" owner="base_page_aluno">
<kw name="Capture Page Screenshot" owner="SeleniumLibrary">
<msg time="2024-06-29T00:22:29.760352" level="INFO" html="true">&lt;/td&gt;&lt;/tr&gt;&lt;tr&gt;&lt;td colspan="3"&gt;&lt;a href="screenshots/eveclassTestandoAluno/2024.06.29_00.22.23/Test%20Successful%20Login/3_Logado%20com%20sucesso.jpg"&gt;&lt;img src="screenshots/eveclassTestandoAluno/2024.06.29_00.22.23/Test%20Successful%20Login/3_Logado%20com%20sucesso.jpg" width="800px"&gt;&lt;/a&gt;</msg>
<arg>screenshots/eveclassTestandoAluno/${date}/${TEST_NAME}/${screenshot_name}.jpg</arg>
<doc>Takes a screenshot of the current page and embeds it into a log file.</doc>
<status status="PASS" start="2024-06-29T00:22:29.569870" elapsed="0.191480"/>
</kw>
<arg>3_Logado com sucesso</arg>
<status status="PASS" start="2024-06-29T00:22:29.568874" elapsed="0.193470"/>
</kw>
<kw name="Close All Browsers" owner="SeleniumLibrary">
<doc>Closes all open browsers and resets the browser cache.</doc>
<status status="PASS" start="2024-06-29T00:22:29.762344" elapsed="6.333149"/>
</kw>
<kw name="Fechar navegador" owner="base_page_aluno" type="TEARDOWN">
<kw name="Sleep" owner="BuiltIn">
<msg time="2024-06-29T00:22:36.595839" level="INFO">Slept 500 milliseconds.</msg>
<arg>500ms</arg>
<doc>Pauses the test executed for the given time.</doc>
<status status="PASS" start="2024-06-29T00:22:36.095493" elapsed="0.500346"/>
</kw>
<kw name="Close Browser" owner="SeleniumLibrary">
<doc>Closes the current browser.</doc>
<status status="PASS" start="2024-06-29T00:22:36.595839" elapsed="0.000000"/>
</kw>
<status status="PASS" start="2024-06-29T00:22:36.095493" elapsed="0.500346"/>
</kw>
<doc>Testa o login bem-sucedido com credenciais válidas.</doc>
<status status="PASS" start="2024-06-29T00:22:23.105973" elapsed="13.497920"/>
</test>
<status status="PASS" start="2024-06-29T00:22:23.094005" elapsed="13.509888"/>
</suite>
<status status="PASS" start="2024-06-29T00:22:22.754484" elapsed="13.849409"/>
</suite>
<statistics>
<total>
<stat pass="1" fail="0" skip="0">All Tests</stat>
</total>
<tag>
</tag>
<suite>
<stat pass="1" fail="0" skip="0" id="s1" name="Po">Po</stat>
<stat pass="1" fail="0" skip="0" id="s1-s1" name="Logar Aluno Po">Po.Logar Aluno Po</stat>
</suite>
</statistics>
<errors>
</errors>
</robot>
