<?xml version="1.0" encoding="UTF-8"?>
<robot generator="Robot 7.0.1 (Python 3.12.4 on win32)" generated="2024-06-28T19:46:54.340863" rpa="false" schemaversion="5">
<suite id="s1" name="Po" source="c:\Iterasys\TestTitans2\tests\web\aluno\po">
<kw name="Obter Data e hora" owner="base_page_aluno" type="SETUP">
<kw name="Get Current Date" owner="DateTime">
<msg time="2024-06-28T19:46:55.162638" level="INFO">${date} = 2024-06-28 19:46:55.163</msg>
<var>${date}</var>
<doc>Returns current local or UTC time with an optional increment.</doc>
<status status="PASS" start="2024-06-28T19:46:55.162638" elapsed="0.010082"/>
</kw>
<kw name="Convert Date" owner="DateTime">
<msg time="2024-06-28T19:46:55.187280" level="INFO">${date} = 2024.06.28_19.46.55</msg>
<var>${date}</var>
<arg>${date}</arg>
<arg>result_format=%Y.%m.%d_%H.%M.%S</arg>
<doc>Converts between supported `date formats`.</doc>
<status status="PASS" start="2024-06-28T19:46:55.172720" elapsed="0.014560"/>
</kw>
<kw name="Set Global Variable" owner="BuiltIn">
<msg time="2024-06-28T19:46:55.187280" level="INFO">${date} = 2024.06.28_19.46.55</msg>
<msg time="2024-06-28T19:46:55.187280" level="INFO">${date} = None</msg>
<var>${date}</var>
<arg>${date}</arg>
<doc>Makes a variable available globally in all tests and suites.</doc>
<status status="PASS" start="2024-06-28T19:46:55.187280" elapsed="0.000000"/>
</kw>
<status status="PASS" start="2024-06-28T19:46:55.157606" elapsed="0.034706"/>
</kw>
<suite id="s1-s1" name="Logar Aluno Po" source="c:\Iterasys\TestTitans2\tests\web\aluno\po\logar_aluno_po.robot">
<test id="s1-s1-t1" name="Test Successful Login" line="5">
<kw name="Abrir navegador" owner="base_page_aluno" type="SETUP">
<kw name="Register Keyword To Run On Failure" owner="SeleniumLibrary">
<msg time="2024-06-28T19:46:55.257253" level="INFO">Tirar Screenshot will be run on failure.</msg>
<arg>Tirar Screenshot</arg>
<doc>Sets the keyword to execute, when a SeleniumLibrary keyword fails.</doc>
<status status="PASS" start="2024-06-28T19:46:55.253756" elapsed="0.004530"/>
</kw>
<kw name="Open Browser" owner="SeleniumLibrary">
<msg time="2024-06-28T19:46:55.261285" level="INFO">Opening browser 'Chrome' to base url 'https://testando.eveclass.com/pt/auth/entrar'.</msg>
<arg>url=${url}</arg>
<arg>browser=${browser}</arg>
<doc>Opens a new browser instance to the optional ``url``.</doc>
<status status="PASS" start="2024-06-28T19:46:55.259282" elapsed="8.297132"/>
</kw>
<kw name="Maximize Browser Window" owner="SeleniumLibrary">
<doc>Maximizes current browser window.</doc>
<status status="PASS" start="2024-06-28T19:47:03.557412" elapsed="0.093161"/>
</kw>
<kw name="Set Browser Implicit Wait" owner="SeleniumLibrary">
<arg>10000ms</arg>
<doc>Sets the implicit wait value used by Selenium.</doc>
<status status="PASS" start="2024-06-28T19:47:03.652571" elapsed="0.008975"/>
</kw>
<status status="PASS" start="2024-06-28T19:46:55.251508" elapsed="8.411038"/>
</kw>
<kw name="Tirar Screenshot" owner="base_page_aluno">
<kw name="Capture Page Screenshot" owner="SeleniumLibrary">
<msg time="2024-06-28T19:47:03.931613" level="INFO" html="true">&lt;/td&gt;&lt;/tr&gt;&lt;tr&gt;&lt;td colspan="3"&gt;&lt;a href="screenshots/eveclassTestandoAluno/2024.06.28_19.46.55/Test%20Successful%20Login/1_Login.jpg"&gt;&lt;img src="screenshots/eveclassTestandoAluno/2024.06.28_19.46.55/Test%20Successful%20Login/1_Login.jpg" width="800px"&gt;&lt;/a&gt;</msg>
<msg time="2024-06-28T19:47:03.932610" level="INFO">c:\Iterasys\TestTitans2\.venv\Lib\site-packages\selenium\webdriver\remote\webdriver.py:829: UserWarning: name used for saved screenshot does not match file type. It should end with a `.png` extension
  return self.get_screenshot_as_file(filename)</msg>
<arg>screenshots/eveclassTestandoAluno/${date}/${TEST_NAME}/${screenshot_name}.jpg</arg>
<doc>Takes a screenshot of the current page and embeds it into a log file.</doc>
<status status="PASS" start="2024-06-28T19:47:03.672082" elapsed="0.265358"/>
</kw>
<arg>1_Login</arg>
<status status="PASS" start="2024-06-28T19:47:03.669079" elapsed="0.270442"/>
</kw>
<kw name="Enter Email" owner="login_aluno_page">
<kw name="Input Text" owner="SeleniumLibrary">
<msg time="2024-06-28T19:47:03.949630" level="INFO">Typing text 'cograzattomma-9221@yopmail.com' into text field 'css=.input-wrapper &gt; .input-wrapper-inpt &gt; input[type='email']'.</msg>
<arg>${EMAIL_INPUT}</arg>
<arg>${email}</arg>
<doc>Types the given ``text`` into the text field identified by ``locator``.</doc>
<status status="PASS" start="2024-06-28T19:47:03.947591" elapsed="0.829681"/>
</kw>
<arg>cograzattomma-9221@yopmail.com</arg>
<status status="PASS" start="2024-06-28T19:47:03.945274" elapsed="0.834074"/>
</kw>
<kw name="Enter Password" owner="login_aluno_page">
<kw name="Input Text" owner="SeleniumLibrary">
<msg time="2024-06-28T19:47:04.791277" level="INFO">Typing text 'Admin@2023' into text field 'css=.input-wrapper &gt; .input-wrapper-inpt &gt; input[type='password']'.</msg>
<arg>${PASSWORD_INPUT}</arg>
<arg>${password}</arg>
<doc>Types the given ``text`` into the text field identified by ``locator``.</doc>
<status status="PASS" start="2024-06-28T19:47:04.790279" elapsed="0.414833"/>
</kw>
<arg>Admin@2023</arg>
<status status="PASS" start="2024-06-28T19:47:04.788279" elapsed="0.418305"/>
</kw>
<kw name="Tirar Screenshot" owner="base_page_aluno">
<kw name="Capture Page Screenshot" owner="SeleniumLibrary">
<msg time="2024-06-28T19:47:05.347556" level="INFO" html="true">&lt;/td&gt;&lt;/tr&gt;&lt;tr&gt;&lt;td colspan="3"&gt;&lt;a href="screenshots/eveclassTestandoAluno/2024.06.28_19.46.55/Test%20Successful%20Login/2_Login%20preenchido.jpg"&gt;&lt;img src="screenshots/eveclassTestandoAluno/2024.06.28_19.46.55/Test%20Successful%20Login/2_Login%20preenchido.jpg" width="800px"&gt;&lt;/a&gt;</msg>
<arg>screenshots/eveclassTestandoAluno/${date}/${TEST_NAME}/${screenshot_name}.jpg</arg>
<doc>Takes a screenshot of the current page and embeds it into a log file.</doc>
<status status="PASS" start="2024-06-28T19:47:05.215555" elapsed="0.133002"/>
</kw>
<arg>2_Login preenchido</arg>
<status status="PASS" start="2024-06-28T19:47:05.214527" elapsed="0.135027"/>
</kw>
<kw name="Click Login Button" owner="login_aluno_page">
<kw name="Click Element" owner="SeleniumLibrary">
<msg time="2024-06-28T19:47:05.375294" level="INFO">Clicking element 'css=.button-text &gt; span'.</msg>
<arg>${LOGIN_BUTTON}</arg>
<doc>Click the element identified by ``locator``.</doc>
<status status="PASS" start="2024-06-28T19:47:05.371197" elapsed="0.277917"/>
</kw>
<status status="PASS" start="2024-06-28T19:47:05.369940" elapsed="0.280192"/>
</kw>
<kw name="Tirar Screenshot" owner="base_page_aluno">
<kw name="Capture Page Screenshot" owner="SeleniumLibrary">
<msg time="2024-06-28T19:47:06.012557" level="INFO" html="true">&lt;/td&gt;&lt;/tr&gt;&lt;tr&gt;&lt;td colspan="3"&gt;&lt;a href="screenshots/eveclassTestandoAluno/2024.06.28_19.46.55/Test%20Successful%20Login/3_Logado%20com%20sucesso.jpg"&gt;&lt;img src="screenshots/eveclassTestandoAluno/2024.06.28_19.46.55/Test%20Successful%20Login/3_Logado%20com%20sucesso.jpg" width="800px"&gt;&lt;/a&gt;</msg>
<arg>screenshots/eveclassTestandoAluno/${date}/${TEST_NAME}/${screenshot_name}.jpg</arg>
<doc>Takes a screenshot of the current page and embeds it into a log file.</doc>
<status status="PASS" start="2024-06-28T19:47:05.654625" elapsed="0.357932"/>
</kw>
<arg>3_Logado com sucesso</arg>
<status status="PASS" start="2024-06-28T19:47:05.653532" elapsed="0.359025"/>
</kw>
<kw name="Close All Browsers" owner="SeleniumLibrary">
<doc>Closes all open browsers and resets the browser cache.</doc>
<status status="PASS" start="2024-06-28T19:47:06.039415" elapsed="7.816395"/>
</kw>
<kw name="Fechar navegador" owner="base_page_aluno" type="TEARDOWN">
<kw name="Sleep" owner="BuiltIn">
<msg time="2024-06-28T19:47:14.366395" level="INFO">Slept 500 milliseconds.</msg>
<arg>500ms</arg>
<doc>Pauses the test executed for the given time.</doc>
<status status="PASS" start="2024-06-28T19:47:13.864691" elapsed="0.501704"/>
</kw>
<kw name="Close Browser" owner="SeleniumLibrary">
<doc>Closes the current browser.</doc>
<status status="PASS" start="2024-06-28T19:47:14.366395" elapsed="0.001004"/>
</kw>
<status status="PASS" start="2024-06-28T19:47:13.861828" elapsed="0.505571"/>
</kw>
<doc>Testa o login bem-sucedido com credenciais válidas.</doc>
<status status="PASS" start="2024-06-28T19:46:55.238551" elapsed="19.130873"/>
</test>
<status status="PASS" start="2024-06-28T19:46:55.192312" elapsed="19.193537"/>
</suite>
<status status="PASS" start="2024-06-28T19:46:54.367472" elapsed="20.022920"/>
</suite>
<statistics>
<total>
<stat pass="1" fail="0" skip="0">All Tests</stat>
</total>
<tag>
</tag>
<suite>
<stat pass="1" fail="0" skip="0" id="s1" name="Po">Po</stat>
<stat pass="1" fail="0" skip="0" id="s1-s1" name="Logar Aluno Po">Po.Logar Aluno Po</stat>
</suite>
</statistics>
<errors>
</errors>
</robot>
