<?xml version="1.0" encoding="UTF-8"?>
<robot generator="Robot 7.0 (Python 3.12.0 on win32)" generated="2024-07-02T17:45:42.959009" rpa="false" schemaversion="5">
<suite id="s1" name="Po" source="c:\Users\PC\OneDrive\Área de Trabalho\Novo\TestTitans\tests\web\admin\po">
<kw name="Obter Data e hora" owner="base_page_admin" type="SETUP">
<kw name="Get Current Date" owner="DateTime">
<msg time="2024-07-02T17:45:43.958208" level="INFO">${date} = 2024-07-02 17:45:43.958</msg>
<var>${date}</var>
<doc>Returns current local or UTC time with an optional increment.</doc>
<status status="PASS" start="2024-07-02T17:45:43.958208" elapsed="0.001000"/>
</kw>
<kw name="Convert Date" owner="DateTime">
<msg time="2024-07-02T17:45:43.971215" level="INFO">${date} = 2024.07.02_17.45.43</msg>
<var>${date}</var>
<arg>${date}</arg>
<arg>result_format=%Y.%m.%d_%H.%M.%S</arg>
<doc>Converts between supported `date formats`.</doc>
<status status="PASS" start="2024-07-02T17:45:43.960209" elapsed="0.011006"/>
</kw>
<kw name="Set Global Variable" owner="BuiltIn">
<msg time="2024-07-02T17:45:43.974210" level="INFO">${date} = 2024.07.02_17.45.43</msg>
<msg time="2024-07-02T17:45:43.974210" level="INFO">${date} = None</msg>
<var>${date}</var>
<arg>${date}</arg>
<doc>Makes a variable available globally in all tests and suites.</doc>
<status status="PASS" start="2024-07-02T17:45:43.972212" elapsed="0.001998"/>
</kw>
<status status="PASS" start="2024-07-02T17:45:43.950208" elapsed="0.025002"/>
</kw>
<suite id="s1-s1" name="Consultar Aula Po" source="c:\Users\PC\OneDrive\Área de Trabalho\Novo\TestTitans\tests\web\admin\po\consultar_aula_po.robot">
<test id="s1-s1-t1" name="Test Successful Consultar Aula" line="5">
<kw name="Abrir navegador" owner="base_page_admin" type="SETUP">
<kw name="Open Browser" owner="SeleniumLibrary">
<msg time="2024-07-02T17:45:44.063727" level="INFO">Opening browser 'Chrome' to base url 'https://testando.eveclass.com/pt/auth/entrar'.</msg>
<arg>url=${url}</arg>
<arg>browser=${browser}</arg>
<doc>Opens a new browser instance to the optional ``url``.</doc>
<status status="PASS" start="2024-07-02T17:45:44.062728" elapsed="7.596948"/>
</kw>
<kw name="Maximize Browser Window" owner="SeleniumLibrary">
<doc>Maximizes current browser window.</doc>
<status status="PASS" start="2024-07-02T17:45:51.659676" elapsed="0.106003"/>
</kw>
<kw name="Set Browser Implicit Wait" owner="SeleniumLibrary">
<arg>10000ms</arg>
<doc>Sets the implicit wait value used by Selenium.</doc>
<status status="PASS" start="2024-07-02T17:45:51.765679" elapsed="0.010999"/>
</kw>
<status status="PASS" start="2024-07-02T17:45:44.061728" elapsed="7.715949"/>
</kw>
<kw name="Enter Email" owner="login_admin_page">
<kw name="Input Text" owner="SeleniumLibrary">
<msg time="2024-07-02T17:45:51.781678" level="INFO">Typing text 'alinelenzi@gmail.com' into text field 'css=.input-wrapper &gt; .input-wrapper-inpt &gt; input[type='email']'.</msg>
<arg>${EMAIL_INPUT}</arg>
<arg>${email}</arg>
<doc>Types the given ``text`` into the text field identified by ``locator``.</doc>
<status status="PASS" start="2024-07-02T17:45:51.780677" elapsed="0.381555"/>
</kw>
<arg>alinelenzi@gmail.com</arg>
<status status="PASS" start="2024-07-02T17:45:51.779678" elapsed="0.382554"/>
</kw>
<kw name="Enter Password" owner="login_admin_page">
<kw name="Input Text" owner="SeleniumLibrary">
<msg time="2024-07-02T17:45:52.167232" level="INFO">Typing text 'teste' into text field 'css=.input-wrapper &gt; .input-wrapper-inpt &gt; input[type='password']'.</msg>
<arg>${PASSWORD_INPUT}</arg>
<arg>${password}</arg>
<doc>Types the given ``text`` into the text field identified by ``locator``.</doc>
<status status="PASS" start="2024-07-02T17:45:52.166233" elapsed="0.163039"/>
</kw>
<arg>teste</arg>
<status status="PASS" start="2024-07-02T17:45:52.166233" elapsed="0.163039"/>
</kw>
<kw name="Click Login Button" owner="login_admin_page">
<kw name="Click Element" owner="SeleniumLibrary">
<msg time="2024-07-02T17:45:52.339271" level="INFO">Clicking element 'css=.button-text &gt; span'.</msg>
<arg>${LOGIN_BUTTON}</arg>
<doc>Click the element identified by ``locator``.</doc>
<status status="PASS" start="2024-07-02T17:45:52.338271" elapsed="0.089001"/>
</kw>
<kw name="Sleep" owner="BuiltIn">
<msg time="2024-07-02T17:46:42.428905" level="INFO">Slept 50 seconds.</msg>
<arg>50s</arg>
<doc>Pauses the test executed for the given time.</doc>
<status status="PASS" start="2024-07-02T17:45:52.428272" elapsed="50.000633"/>
</kw>
<status status="PASS" start="2024-07-02T17:45:52.337270" elapsed="50.091635"/>
</kw>
<kw name="Clicar Botao Aulas" owner="conteudos_aulas_page">
<kw name="Click Element" owner="SeleniumLibrary">
<msg time="2024-07-02T17:46:42.430907" level="INFO">Clicking element 'css=.nav-group:nth-child(6) &gt; .nav-item:nth-child(2) &gt; span'.</msg>
<arg>${btn_Aulas}</arg>
<doc>Click the element identified by ``locator``.</doc>
<status status="PASS" start="2024-07-02T17:46:42.430907" elapsed="0.162999"/>
</kw>
<status status="PASS" start="2024-07-02T17:46:42.430907" elapsed="0.162999"/>
</kw>
<kw name="Element Text Should Be" owner="SeleniumLibrary">
<msg time="2024-07-02T17:46:42.599908" level="INFO">Verifying element 'css=.button:nth-child(4) &gt; .button-text &gt; span &gt; span' contains exact text 'Nova Aula'.</msg>
<arg>${btn_NovaAula}</arg>
<arg>Nova Aula</arg>
<doc>Verifies that element ``locator`` contains exact the text ``expected``.</doc>
<status status="PASS" start="2024-07-02T17:46:42.599908" elapsed="1.380007"/>
</kw>
<kw name="Preencher Input Buscar" owner="conteudos_aulas_page">
<kw name="Sleep" owner="BuiltIn">
<msg time="2024-07-02T17:46:44.484075" level="INFO">Slept 500 milliseconds.</msg>
<arg>500ms</arg>
<doc>Pauses the test executed for the given time.</doc>
<status status="PASS" start="2024-07-02T17:46:43.982915" elapsed="0.502160"/>
</kw>
<kw name="Click Element" owner="SeleniumLibrary">
<msg time="2024-07-02T17:46:44.486076" level="INFO">Clicking element 'css=.input-wrapper-inpt &gt;input'.</msg>
<arg>${buscar}</arg>
<doc>Click the element identified by ``locator``.</doc>
<status status="PASS" start="2024-07-02T17:46:44.485075" elapsed="0.213001"/>
</kw>
<kw name="Sleep" owner="BuiltIn">
<msg time="2024-07-02T17:46:45.199254" level="INFO">Slept 500 milliseconds.</msg>
<arg>500ms</arg>
<doc>Pauses the test executed for the given time.</doc>
<status status="PASS" start="2024-07-02T17:46:44.698076" elapsed="0.501178"/>
</kw>
<kw name="Input Text" owner="SeleniumLibrary">
<msg time="2024-07-02T17:46:45.200241" level="INFO">Typing text 'Nuvem' into text field 'css=.input-wrapper-inpt &gt;input'.</msg>
<arg>${buscar}</arg>
<arg>${aulaProcurada}</arg>
<doc>Types the given ``text`` into the text field identified by ``locator``.</doc>
<status status="PASS" start="2024-07-02T17:46:45.199254" elapsed="0.278484"/>
</kw>
<kw name="Sleep" owner="BuiltIn">
<msg time="2024-07-02T17:46:46.478932" level="INFO">Slept 1 second.</msg>
<arg>1000ms</arg>
<doc>Pauses the test executed for the given time.</doc>
<status status="PASS" start="2024-07-02T17:46:45.478738" elapsed="1.000194"/>
</kw>
<arg>Nuvem</arg>
<status status="PASS" start="2024-07-02T17:46:43.982915" elapsed="2.496017"/>
</kw>
<kw name="Close All Browsers" owner="SeleniumLibrary">
<doc>Closes all open browsers and resets the browser cache.</doc>
<status status="PASS" start="2024-07-02T17:46:46.495933" elapsed="7.512143"/>
</kw>
<kw name="Fechar navegador" owner="base_page_admin" type="TEARDOWN">
<kw name="Sleep" owner="BuiltIn">
<msg time="2024-07-02T17:46:54.511160" level="INFO">Slept 500 milliseconds.</msg>
<arg>500ms</arg>
<doc>Pauses the test executed for the given time.</doc>
<status status="PASS" start="2024-07-02T17:46:54.011075" elapsed="0.500085"/>
</kw>
<kw name="Close Browser" owner="SeleniumLibrary">
<doc>Closes the current browser.</doc>
<status status="PASS" start="2024-07-02T17:46:54.512159" elapsed="0.000601"/>
</kw>
<status status="PASS" start="2024-07-02T17:46:54.010075" elapsed="0.503210"/>
</kw>
<status status="PASS" start="2024-07-02T17:45:44.057735" elapsed="70.463450"/>
</test>
<status status="PASS" start="2024-07-02T17:45:43.975210" elapsed="70.547263"/>
</suite>
<status status="PASS" start="2024-07-02T17:45:42.971008" elapsed="71.556227"/>
</suite>
<statistics>
<total>
<stat pass="1" fail="0" skip="0">All Tests</stat>
</total>
<tag>
</tag>
<suite>
<stat pass="1" fail="0" skip="0" id="s1" name="Po">Po</stat>
<stat pass="1" fail="0" skip="0" id="s1-s1" name="Consultar Aula Po">Po.Consultar Aula Po</stat>
</suite>
</statistics>
<errors>
<msg time="2024-07-02T17:45:43.077008" level="WARN">Error in file 'c:\Users\PC\OneDrive\Área de Trabalho\Novo\TestTitans\pages\admin\base_page_admin.robot' on line 67: The '[Return]' setting is deprecated. Use the 'RETURN' statement instead.</msg>
<msg time="2024-07-02T17:45:43.078008" level="WARN">Error in file 'c:\Users\PC\OneDrive\Área de Trabalho\Novo\TestTitans\pages\admin\base_page_admin.robot' on line 82: The '[Return]' setting is deprecated. Use the 'RETURN' statement instead.</msg>
<msg time="2024-07-02T17:45:43.910210" level="ERROR">Error in file 'c:\Users\PC\OneDrive\Área de Trabalho\Novo\TestTitans\pages\admin\base_page_admin.robot' on line 4: Library '..\..\.venv\lib\python3.12\site-packages\robot\libraries\String.py' does not exist.</msg>
<msg time="2024-07-02T17:45:43.982209" level="ERROR">Error in file 'c:\Users\PC\OneDrive\Área de Trabalho\Novo\TestTitans\pages\admin\base_page_admin.robot' on line 4: Library '..\..\.venv\lib\python3.12\site-packages\robot\libraries\String.py' does not exist.</msg>
</errors>
</robot>
