<?xml version="1.0" encoding="UTF-8"?>
<robot generator="Robot 7.0 (Python 3.12.0 on win32)" generated="2024-07-10T10:30:11.777019" rpa="false" schemaversion="5">
<suite id="s1" name="Selecionar Remover Bicicleta" source="d:\Eveclass\TestTitans - Atual\TestTitans\tests\mobile\saucedemo\selecionar_remover_bicicleta.robot">
<test id="s1-t1" name="Selecionar e Remover Bicicleta do Carrinho" line="10">
<kw name="Open Application" owner="AppiumLibrary">
<msg time="2024-07-10T10:30:12.090862" level="FAIL">Variable '${REMOTE_URL}' not found.</msg>
<arg>${REMOTE_URL}</arg>
<arg>platformName=Android</arg>
<arg>appium:platformVersion=9.0</arg>
<arg>appium:deviceName=Samsung Galaxy S9 FHD GoogleAPI Emulator</arg>
<arg>browserName=chrome</arg>
<arg>browserVersion=126</arg>
<arg>appium:automationName=uiautomator2</arg>
<arg>appium:ensureWebviewsHavePages=${True}</arg>
<arg>appium:url=https://www.saucedemo.com/</arg>
<arg>appium:nativeWebScreenshot=${True}</arg>
<arg>appium:newCommandTimeout=${3600}</arg>
<arg>appium:connectHardwareKeyboard=${True}</arg>
<doc>Opens a new application to given Appium server.
Capabilities of appium server, Android and iOS,
Please check https://appium.io/docs/en/2.1/cli/args/
| *Option*            | *Man.* | *Description*     |
| remote_url          | Yes    | Appium server url |
| alias               | no     | alias             |
| strict_ssl          | No     | allows you to send commands to an invalid certificate host like a self-signed one. |</doc>
<status status="FAIL" start="2024-07-10T10:30:12.089863" elapsed="0.002999">Variable '${REMOTE_URL}' not found.</status>
</kw>
<kw name="Go To Url" owner="AppiumLibrary">
<arg>https://www.saucedemo.com/</arg>
<doc>Opens URL in default web browser.</doc>
<status status="NOT RUN" start="2024-07-10T10:30:12.093862" elapsed="0.000000"/>
</kw>
<kw name="Set Variable" owner="BuiltIn">
<var>${txt_usuario}</var>
<arg>id=user-name</arg>
<doc>Returns the given values which can then be assigned to a variables.</doc>
<status status="NOT RUN" start="2024-07-10T10:30:12.094864" elapsed="0.000000"/>
</kw>
<kw name="Input Text" owner="AppiumLibrary">
<arg>${txt_usuario}</arg>
<arg>standard_user</arg>
<doc>Types the given `text` into text field identified by `locator`.</doc>
<status status="NOT RUN" start="2024-07-10T10:30:12.095862" elapsed="0.000000"/>
</kw>
<kw name="Set Variable" owner="BuiltIn">
<var>${txt_senha}</var>
<arg>id=password</arg>
<doc>Returns the given values which can then be assigned to a variables.</doc>
<status status="NOT RUN" start="2024-07-10T10:30:12.096863" elapsed="0.000000"/>
</kw>
<kw name="Input Text" owner="AppiumLibrary">
<arg>${txt_senha}</arg>
<arg>secret_sauce</arg>
<doc>Types the given `text` into text field identified by `locator`.</doc>
<status status="NOT RUN" start="2024-07-10T10:30:12.098871" elapsed="0.000000"/>
</kw>
<kw name="Set Variable" owner="BuiltIn">
<var>${btn_login}</var>
<arg>id=login-button</arg>
<doc>Returns the given values which can then be assigned to a variables.</doc>
<status status="NOT RUN" start="2024-07-10T10:30:12.100850" elapsed="0.000000"/>
</kw>
<kw name="Click Element" owner="AppiumLibrary">
<arg>${btn_login}</arg>
<doc>Click element identified by `locator`.</doc>
<status status="NOT RUN" start="2024-07-10T10:30:12.103474" elapsed="0.001000"/>
</kw>
<kw name="Set Variable" owner="BuiltIn">
<var>${img_produto}</var>
<arg>id=item_0_img_link</arg>
<doc>Returns the given values which can then be assigned to a variables.</doc>
<status status="NOT RUN" start="2024-07-10T10:30:12.106475" elapsed="0.000000"/>
</kw>
<kw name="Click Element" owner="AppiumLibrary">
<arg>${img_produto}</arg>
<doc>Click element identified by `locator`.</doc>
<status status="NOT RUN" start="2024-07-10T10:30:12.108474" elapsed="0.000516"/>
</kw>
<kw name="Set Variable" owner="BuiltIn">
<var>${btn_login}</var>
<arg>id=add-to-cart</arg>
<doc>Returns the given values which can then be assigned to a variables.</doc>
<status status="NOT RUN" start="2024-07-10T10:30:12.108999" elapsed="0.000000"/>
</kw>
<kw name="Click Element" owner="AppiumLibrary">
<arg>${btn_login}</arg>
<doc>Click element identified by `locator`.</doc>
<status status="NOT RUN" start="2024-07-10T10:30:12.109998" elapsed="0.000000"/>
</kw>
<kw name="Set Variable" owner="BuiltIn">
<var>${label_titulo_card_produto}</var>
<arg>id=back-to-products</arg>
<doc>Returns the given values which can then be assigned to a variables.</doc>
<status status="NOT RUN" start="2024-07-10T10:30:12.111998" elapsed="0.000000"/>
</kw>
<kw name="Element Text Should Be" owner="AppiumLibrary">
<arg>${label_titulo_card_produto}</arg>
<arg>Back to products</arg>
<doc>Verifies element identified by ``locator`` exactly contains text ``expected``.</doc>
<status status="NOT RUN" start="2024-07-10T10:30:12.112999" elapsed="0.001000"/>
</kw>
<kw name="Set Variable" owner="BuiltIn">
<var>${carrinho}</var>
<arg>id=shopping_cart_container</arg>
<doc>Returns the given values which can then be assigned to a variables.</doc>
<status status="NOT RUN" start="2024-07-10T10:30:12.114999" elapsed="0.000000"/>
</kw>
<kw name="Click Element" owner="AppiumLibrary">
<arg>${carrinho}</arg>
<doc>Click element identified by `locator`.</doc>
<status status="NOT RUN" start="2024-07-10T10:30:12.116193" elapsed="0.000312"/>
</kw>
<kw name="Set Variable" owner="BuiltIn">
<var>${btn_remover}</var>
<arg>id=remove-sauce-labs-bike-light</arg>
<doc>Returns the given values which can then be assigned to a variables.</doc>
<status status="NOT RUN" start="2024-07-10T10:30:12.117191" elapsed="0.001001"/>
</kw>
<kw name="Click Element" owner="AppiumLibrary">
<arg>${btn_remover}</arg>
<doc>Click element identified by `locator`.</doc>
<status status="NOT RUN" start="2024-07-10T10:30:12.119192" elapsed="0.000000"/>
</kw>
<kw name="Close Application" owner="AppiumLibrary" type="TEARDOWN">
<kw name="Capture Page Screenshot" owner="AppiumLibrary">
<msg time="2024-07-10T10:30:12.121191" level="FAIL">No application is open</msg>
<doc>Takes a screenshot of the current page and embeds it into the log.</doc>
<status status="FAIL" start="2024-07-10T10:30:12.121191" elapsed="0.002999">No application is open</status>
</kw>
<msg time="2024-07-10T10:30:12.125190" level="WARN">Keyword 'Capture Page Screenshot' could not be run on failure: No application is open</msg>
<msg time="2024-07-10T10:30:12.128709" level="FAIL">No application is open</msg>
<doc>Closes the current application and also close webdriver session.</doc>
<status status="FAIL" start="2024-07-10T10:30:12.120190" elapsed="0.009519">No application is open</status>
</kw>
<status status="FAIL" start="2024-07-10T10:30:12.088826" elapsed="0.041405">Variable '${REMOTE_URL}' not found.

Also teardown failed:
No application is open</status>
</test>
<status status="FAIL" start="2024-07-10T10:30:11.782536" elapsed="0.350688"/>
</suite>
<statistics>
<total>
<stat pass="0" fail="1" skip="0">All Tests</stat>
</total>
<tag>
</tag>
<suite>
<stat pass="0" fail="1" skip="0" id="s1" name="Selecionar Remover Bicicleta">Selecionar Remover Bicicleta</stat>
</suite>
</statistics>
<errors>
<msg time="2024-07-10T10:30:12.084266" level="ERROR">Error in file 'd:\Eveclass\TestTitans - Atual\TestTitans\tests\mobile\saucedemo\selecionar_remover_bicicleta.robot' on line 7: Setting variable '${REMOTE_URL}' failed: Environment variable '%{SAUCE_ACCESS_KEY}' not found.</msg>
<msg time="2024-07-10T10:30:12.125190" level="WARN">Keyword 'Capture Page Screenshot' could not be run on failure: No application is open</msg>
</errors>
</robot>
